<?xml version="1.0" encoding="UTF-8"?>
<testsuite xmlns:xsi="http://www.w3.org/2001/XMLSchema-instance" xsi:noNamespaceSchemaLocation="https://maven.apache.org/surefire/maven-surefire-plugin/xsd/surefire-test-report.xsd" name="com.foodinc.SeleniumJunit.AppTest" time="2.276" tests="1" errors="1" skipped="0" failures="0">
  <properties>
    <property name="java.specification.version" value="17"/>
    <property name="sun.jnu.encoding" value="UTF-8"/>
    <property name="java.class.path" value="/home/vigneshta95gmai/eclipse-gayu/SeleniumJunit/target/test-classes:/home/vigneshta95gmai/eclipse-gayu/SeleniumJunit/target/classes:/home/vigneshta95gmai/.m2/repository/org/junit/jupiter/junit-jupiter-engine/5.8.2/junit-jupiter-engine-5.8.2.jar:/home/vigneshta95gmai/.m2/repository/org/junit/platform/junit-platform-engine/1.8.2/junit-platform-engine-1.8.2.jar:/home/vigneshta95gmai/.m2/repository/org/opentest4j/opentest4j/1.2.0/opentest4j-1.2.0.jar:/home/vigneshta95gmai/.m2/repository/org/junit/platform/junit-platform-commons/1.8.2/junit-platform-commons-1.8.2.jar:/home/vigneshta95gmai/.m2/repository/org/junit/jupiter/junit-jupiter-api/5.8.2/junit-jupiter-api-5.8.2.jar:/home/vigneshta95gmai/.m2/repository/org/apiguardian/apiguardian-api/1.1.2/apiguardian-api-1.1.2.jar:/home/vigneshta95gmai/.m2/repository/org/seleniumhq/selenium/selenium-java/4.2.2/selenium-java-4.2.2.jar:/home/vigneshta95gmai/.m2/repository/org/seleniumhq/selenium/selenium-api/4.2.2/selenium-api-4.2.2.jar:/home/vigneshta95gmai/.m2/repository/org/seleniumhq/selenium/selenium-chrome-driver/4.2.2/selenium-chrome-driver-4.2.2.jar:/home/vigneshta95gmai/.m2/repository/com/google/auto/service/auto-service-annotations/1.0.1/auto-service-annotations-1.0.1.jar:/home/vigneshta95gmai/.m2/repository/com/google/auto/service/auto-service/1.0.1/auto-service-1.0.1.jar:/home/vigneshta95gmai/.m2/repository/com/google/auto/auto-common/1.2/auto-common-1.2.jar:/home/vigneshta95gmai/.m2/repository/com/google/guava/guava/31.1-jre/guava-31.1-jre.jar:/home/vigneshta95gmai/.m2/repository/com/google/guava/failureaccess/1.0.1/failureaccess-1.0.1.jar:/home/vigneshta95gmai/.m2/repository/com/google/guava/listenablefuture/9999.0-empty-to-avoid-conflict-with-guava/listenablefuture-9999.0-empty-to-avoid-conflict-with-guava.jar:/home/vigneshta95gmai/.m2/repository/com/google/code/findbugs/jsr305/3.0.2/jsr305-3.0.2.jar:/home/vigneshta95gmai/.m2/repository/org/checkerframework/checker-qual/3.12.0/checker-qual-3.12.0.jar:/home/vigneshta95gmai/.m2/repository/com/google/errorprone/error_prone_annotations/2.11.0/error_prone_annotations-2.11.0.jar:/home/vigneshta95gmai/.m2/repository/com/google/j2objc/j2objc-annotations/1.3/j2objc-annotations-1.3.jar:/home/vigneshta95gmai/.m2/repository/org/seleniumhq/selenium/selenium-chromium-driver/4.2.2/selenium-chromium-driver-4.2.2.jar:/home/vigneshta95gmai/.m2/repository/org/seleniumhq/selenium/selenium-json/4.2.2/selenium-json-4.2.2.jar:/home/vigneshta95gmai/.m2/repository/org/seleniumhq/selenium/selenium-devtools-v100/4.2.2/selenium-devtools-v100-4.2.2.jar:/home/vigneshta95gmai/.m2/repository/org/seleniumhq/selenium/selenium-devtools-v101/4.2.2/selenium-devtools-v101-4.2.2.jar:/home/vigneshta95gmai/.m2/repository/org/seleniumhq/selenium/selenium-devtools-v102/4.2.2/selenium-devtools-v102-4.2.2.jar:/home/vigneshta95gmai/.m2/repository/org/seleniumhq/selenium/selenium-devtools-v85/4.2.2/selenium-devtools-v85-4.2.2.jar:/home/vigneshta95gmai/.m2/repository/org/seleniumhq/selenium/selenium-edge-driver/4.2.2/selenium-edge-driver-4.2.2.jar:/home/vigneshta95gmai/.m2/repository/org/seleniumhq/selenium/selenium-firefox-driver/4.2.2/selenium-firefox-driver-4.2.2.jar:/home/vigneshta95gmai/.m2/repository/org/seleniumhq/selenium/selenium-ie-driver/4.2.2/selenium-ie-driver-4.2.2.jar:/home/vigneshta95gmai/.m2/repository/org/seleniumhq/selenium/selenium-opera-driver/4.2.2/selenium-opera-driver-4.2.2.jar:/home/vigneshta95gmai/.m2/repository/org/seleniumhq/selenium/selenium-remote-driver/4.2.2/selenium-remote-driver-4.2.2.jar:/home/vigneshta95gmai/.m2/repository/com/beust/jcommander/1.82/jcommander-1.82.jar:/home/vigneshta95gmai/.m2/repository/io/netty/netty-buffer/4.1.77.Final/netty-buffer-4.1.77.Final.jar:/home/vigneshta95gmai/.m2/repository/io/netty/netty-codec-http/4.1.77.Final/netty-codec-http-4.1.77.Final.jar:/home/vigneshta95gmai/.m2/repository/io/netty/netty-codec/4.1.77.Final/netty-codec-4.1.77.Final.jar:/home/vigneshta95gmai/.m2/repository/io/netty/netty-handler/4.1.77.Final/netty-handler-4.1.77.Final.jar:/home/vigneshta95gmai/.m2/repository/io/netty/netty-common/4.1.77.Final/netty-common-4.1.77.Final.jar:/home/vigneshta95gmai/.m2/repository/io/netty/netty-transport-classes-epoll/4.1.77.Final/netty-transport-classes-epoll-4.1.77.Final.jar:/home/vigneshta95gmai/.m2/repository/io/netty/netty-transport-classes-kqueue/4.1.77.Final/netty-transport-classes-kqueue-4.1.77.Final.jar:/home/vigneshta95gmai/.m2/repository/io/netty/netty-transport-native-epoll/4.1.77.Final/netty-transport-native-epoll-4.1.77.Final.jar:/home/vigneshta95gmai/.m2/repository/io/netty/netty-transport-native-kqueue/4.1.77.Final/netty-transport-native-kqueue-4.1.77.Final.jar:/home/vigneshta95gmai/.m2/repository/io/netty/netty-transport-native-unix-common/4.1.77.Final/netty-transport-native-unix-common-4.1.77.Final.jar:/home/vigneshta95gmai/.m2/repository/io/netty/netty-transport/4.1.77.Final/netty-transport-4.1.77.Final.jar:/home/vigneshta95gmai/.m2/repository/io/netty/netty-resolver/4.1.77.Final/netty-resolver-4.1.77.Final.jar:/home/vigneshta95gmai/.m2/repository/io/opentelemetry/opentelemetry-api/1.14.0/opentelemetry-api-1.14.0.jar:/home/vigneshta95gmai/.m2/repository/io/opentelemetry/opentelemetry-context/1.14.0/opentelemetry-context-1.14.0.jar:/home/vigneshta95gmai/.m2/repository/io/opentelemetry/opentelemetry-exporter-logging/1.14.0/opentelemetry-exporter-logging-1.14.0.jar:/home/vigneshta95gmai/.m2/repository/io/opentelemetry/opentelemetry-sdk-metrics/1.14.0/opentelemetry-sdk-metrics-1.14.0.jar:/home/vigneshta95gmai/.m2/repository/io/opentelemetry/opentelemetry-sdk-logs/1.14.0-alpha/opentelemetry-sdk-logs-1.14.0-alpha.jar:/home/vigneshta95gmai/.m2/repository/io/opentelemetry/opentelemetry-sdk-common/1.14.0/opentelemetry-sdk-common-1.14.0.jar:/home/vigneshta95gmai/.m2/repository/io/opentelemetry/opentelemetry-sdk-extension-autoconfigure-spi/1.14.0/opentelemetry-sdk-extension-autoconfigure-spi-1.14.0.jar:/home/vigneshta95gmai/.m2/repository/io/opentelemetry/opentelemetry-sdk-extension-autoconfigure/1.14.0-alpha/opentelemetry-sdk-extension-autoconfigure-1.14.0-alpha.jar:/home/vigneshta95gmai/.m2/repository/io/opentelemetry/opentelemetry-sdk-trace/1.14.0/opentelemetry-sdk-trace-1.14.0.jar:/home/vigneshta95gmai/.m2/repository/io/opentelemetry/opentelemetry-sdk/1.14.0/opentelemetry-sdk-1.14.0.jar:/home/vigneshta95gmai/.m2/repository/io/opentelemetry/opentelemetry-semconv/1.14.0-alpha/opentelemetry-semconv-1.14.0-alpha.jar:/home/vigneshta95gmai/.m2/repository/io/ous/jtoml/2.0.0/jtoml-2.0.0.jar:/home/vigneshta95gmai/.m2/repository/net/bytebuddy/byte-buddy/1.12.10/byte-buddy-1.12.10.jar:/home/vigneshta95gmai/.m2/repository/org/apache/commons/commons-exec/1.3/commons-exec-1.3.jar:/home/vigneshta95gmai/.m2/repository/org/asynchttpclient/async-http-client/2.12.3/async-http-client-2.12.3.jar:/home/vigneshta95gmai/.m2/repository/org/asynchttpclient/async-http-client-netty-utils/2.12.3/async-http-client-netty-utils-2.12.3.jar:/home/vigneshta95gmai/.m2/repository/io/netty/netty-codec-socks/4.1.60.Final/netty-codec-socks-4.1.60.Final.jar:/home/vigneshta95gmai/.m2/repository/io/netty/netty-handler-proxy/4.1.60.Final/netty-handler-proxy-4.1.60.Final.jar:/home/vigneshta95gmai/.m2/repository/io/netty/netty-transport-native-epoll/4.1.60.Final/netty-transport-native-epoll-4.1.60.Final-linux-x86_64.jar:/home/vigneshta95gmai/.m2/repository/io/netty/netty-transport-native-kqueue/4.1.60.Final/netty-transport-native-kqueue-4.1.60.Final-osx-x86_64.jar:/home/vigneshta95gmai/.m2/repository/org/reactivestreams/reactive-streams/1.0.3/reactive-streams-1.0.3.jar:/home/vigneshta95gmai/.m2/repository/com/typesafe/netty/netty-reactive-streams/2.0.4/netty-reactive-streams-2.0.4.jar:/home/vigneshta95gmai/.m2/repository/com/sun/activation/jakarta.activation/1.2.2/jakarta.activation-1.2.2.jar:/home/vigneshta95gmai/.m2/repository/org/seleniumhq/selenium/selenium-http/4.2.2/selenium-http-4.2.2.jar:/home/vigneshta95gmai/.m2/repository/dev/failsafe/failsafe/3.2.4/failsafe-3.2.4.jar:/home/vigneshta95gmai/.m2/repository/org/seleniumhq/selenium/selenium-safari-driver/4.2.2/selenium-safari-driver-4.2.2.jar:/home/vigneshta95gmai/.m2/repository/org/seleniumhq/selenium/selenium-support/4.2.2/selenium-support-4.2.2.jar:/home/vigneshta95gmai/.m2/repository/io/github/bonigarcia/webdrivermanager/5.1.0/webdrivermanager-5.1.0.jar:/home/vigneshta95gmai/.m2/repository/org/slf4j/slf4j-api/1.7.36/slf4j-api-1.7.36.jar:/home/vigneshta95gmai/.m2/repository/com/google/code/gson/gson/2.9.0/gson-2.9.0.jar:/home/vigneshta95gmai/.m2/repository/com/github/docker-java/docker-java/3.2.13/docker-java-3.2.13.jar:/home/vigneshta95gmai/.m2/repository/com/github/docker-java/docker-java-core/3.2.13/docker-java-core-3.2.13.jar:/home/vigneshta95gmai/.m2/repository/com/github/docker-java/docker-java-api/3.2.13/docker-java-api-3.2.13.jar:/home/vigneshta95gmai/.m2/repository/com/fasterxml/jackson/core/jackson-annotations/2.10.3/jackson-annotations-2.10.3.jar:/home/vigneshta95gmai/.m2/repository/commons-io/commons-io/2.6/commons-io-2.6.jar:/home/vigneshta95gmai/.m2/repository/org/apache/commons/commons-compress/1.21/commons-compress-1.21.jar:/home/vigneshta95gmai/.m2/repository/com/fasterxml/jackson/core/jackson-databind/2.10.3/jackson-databind-2.10.3.jar:/home/vigneshta95gmai/.m2/repository/com/fasterxml/jackson/core/jackson-core/2.10.3/jackson-core-2.10.3.jar:/home/vigneshta95gmai/.m2/repository/org/bouncycastle/bcpkix-jdk15on/1.64/bcpkix-jdk15on-1.64.jar:/home/vigneshta95gmai/.m2/repository/org/bouncycastle/bcprov-jdk15on/1.64/bcprov-jdk15on-1.64.jar:/home/vigneshta95gmai/.m2/repository/org/slf4j/jcl-over-slf4j/1.7.30/jcl-over-slf4j-1.7.30.jar:/home/vigneshta95gmai/.m2/repository/com/github/docker-java/docker-java-transport-httpclient5/3.2.13/docker-java-transport-httpclient5-3.2.13.jar:/home/vigneshta95gmai/.m2/repository/com/github/docker-java/docker-java-transport/3.2.13/docker-java-transport-3.2.13.jar:/home/vigneshta95gmai/.m2/repository/org/apache/httpcomponents/client5/httpclient5/5.0.3/httpclient5-5.0.3.jar:/home/vigneshta95gmai/.m2/repository/org/apache/httpcomponents/core5/httpcore5/5.0.2/httpcore5-5.0.2.jar:/home/vigneshta95gmai/.m2/repository/commons-codec/commons-codec/1.13/commons-codec-1.13.jar:/home/vigneshta95gmai/.m2/repository/net/java/dev/jna/jna/5.8.0/jna-5.8.0.jar:/home/vigneshta95gmai/.m2/repository/org/brotli/dec/0.1.2/dec-0.1.2.jar:/home/vigneshta95gmai/.m2/repository/org/apache/commons/commons-lang3/3.12.0/commons-lang3-3.12.0.jar:/home/vigneshta95gmai/.m2/repository/org/ow2/asm/asm-commons/5.0.3/asm-commons-5.0.3.jar:/home/vigneshta95gmai/.m2/repository/org/ow2/asm/asm-tree/5.0.3/asm-tree-5.0.3.jar:/home/vigneshta95gmai/.m2/repository/org/ow2/asm/asm/5.0.3/asm-5.0.3.jar:"/>
    <property name="java.vm.vendor" value="Eclipse Adoptium"/>
    <property name="sun.arch.data.model" value="64"/>
    <property name="java.vendor.url" value="https://adoptium.net/"/>
    <property name="os.name" value="Linux"/>
    <property name="java.vm.specification.version" value="17"/>
    <property name="sun.java.launcher" value="SUN_STANDARD"/>
    <property name="sun.boot.library.path" value="/usr/eclipse/plugins/org.eclipse.justj.openjdk.hotspot.jre.full.linux.x86_64_17.0.1.v20211116-1657/jre/lib"/>
    <property name="sun.java.command" value="/home/vigneshta95gmai/eclipse-gayu/SeleniumJunit/target/surefire/surefirebooter14350491914860036423.jar /home/vigneshta95gmai/eclipse-gayu/SeleniumJunit/target/surefire 2023-02-10T12-47-15_711-jvmRun1 surefire3083496994345515234tmp surefire_07203716792963700581tmp"/>
    <property name="jdk.debug" value="release"/>
    <property name="surefire.test.class.path" value="/home/vigneshta95gmai/eclipse-gayu/SeleniumJunit/target/test-classes:/home/vigneshta95gmai/eclipse-gayu/SeleniumJunit/target/classes:/home/vigneshta95gmai/.m2/repository/org/junit/jupiter/junit-jupiter-engine/5.8.2/junit-jupiter-engine-5.8.2.jar:/home/vigneshta95gmai/.m2/repository/org/junit/platform/junit-platform-engine/1.8.2/junit-platform-engine-1.8.2.jar:/home/vigneshta95gmai/.m2/repository/org/opentest4j/opentest4j/1.2.0/opentest4j-1.2.0.jar:/home/vigneshta95gmai/.m2/repository/org/junit/platform/junit-platform-commons/1.8.2/junit-platform-commons-1.8.2.jar:/home/vigneshta95gmai/.m2/repository/org/junit/jupiter/junit-jupiter-api/5.8.2/junit-jupiter-api-5.8.2.jar:/home/vigneshta95gmai/.m2/repository/org/apiguardian/apiguardian-api/1.1.2/apiguardian-api-1.1.2.jar:/home/vigneshta95gmai/.m2/repository/org/seleniumhq/selenium/selenium-java/4.2.2/selenium-java-4.2.2.jar:/home/vigneshta95gmai/.m2/repository/org/seleniumhq/selenium/selenium-api/4.2.2/selenium-api-4.2.2.jar:/home/vigneshta95gmai/.m2/repository/org/seleniumhq/selenium/selenium-chrome-driver/4.2.2/selenium-chrome-driver-4.2.2.jar:/home/vigneshta95gmai/.m2/repository/com/google/auto/service/auto-service-annotations/1.0.1/auto-service-annotations-1.0.1.jar:/home/vigneshta95gmai/.m2/repository/com/google/auto/service/auto-service/1.0.1/auto-service-1.0.1.jar:/home/vigneshta95gmai/.m2/repository/com/google/auto/auto-common/1.2/auto-common-1.2.jar:/home/vigneshta95gmai/.m2/repository/com/google/guava/guava/31.1-jre/guava-31.1-jre.jar:/home/vigneshta95gmai/.m2/repository/com/google/guava/failureaccess/1.0.1/failureaccess-1.0.1.jar:/home/vigneshta95gmai/.m2/repository/com/google/guava/listenablefuture/9999.0-empty-to-avoid-conflict-with-guava/listenablefuture-9999.0-empty-to-avoid-conflict-with-guava.jar:/home/vigneshta95gmai/.m2/repository/com/google/code/findbugs/jsr305/3.0.2/jsr305-3.0.2.jar:/home/vigneshta95gmai/.m2/repository/org/checkerframework/checker-qual/3.12.0/checker-qual-3.12.0.jar:/home/vigneshta95gmai/.m2/repository/com/google/errorprone/error_prone_annotations/2.11.0/error_prone_annotations-2.11.0.jar:/home/vigneshta95gmai/.m2/repository/com/google/j2objc/j2objc-annotations/1.3/j2objc-annotations-1.3.jar:/home/vigneshta95gmai/.m2/repository/org/seleniumhq/selenium/selenium-chromium-driver/4.2.2/selenium-chromium-driver-4.2.2.jar:/home/vigneshta95gmai/.m2/repository/org/seleniumhq/selenium/selenium-json/4.2.2/selenium-json-4.2.2.jar:/home/vigneshta95gmai/.m2/repository/org/seleniumhq/selenium/selenium-devtools-v100/4.2.2/selenium-devtools-v100-4.2.2.jar:/home/vigneshta95gmai/.m2/repository/org/seleniumhq/selenium/selenium-devtools-v101/4.2.2/selenium-devtools-v101-4.2.2.jar:/home/vigneshta95gmai/.m2/repository/org/seleniumhq/selenium/selenium-devtools-v102/4.2.2/selenium-devtools-v102-4.2.2.jar:/home/vigneshta95gmai/.m2/repository/org/seleniumhq/selenium/selenium-devtools-v85/4.2.2/selenium-devtools-v85-4.2.2.jar:/home/vigneshta95gmai/.m2/repository/org/seleniumhq/selenium/selenium-edge-driver/4.2.2/selenium-edge-driver-4.2.2.jar:/home/vigneshta95gmai/.m2/repository/org/seleniumhq/selenium/selenium-firefox-driver/4.2.2/selenium-firefox-driver-4.2.2.jar:/home/vigneshta95gmai/.m2/repository/org/seleniumhq/selenium/selenium-ie-driver/4.2.2/selenium-ie-driver-4.2.2.jar:/home/vigneshta95gmai/.m2/repository/org/seleniumhq/selenium/selenium-opera-driver/4.2.2/selenium-opera-driver-4.2.2.jar:/home/vigneshta95gmai/.m2/repository/org/seleniumhq/selenium/selenium-remote-driver/4.2.2/selenium-remote-driver-4.2.2.jar:/home/vigneshta95gmai/.m2/repository/com/beust/jcommander/1.82/jcommander-1.82.jar:/home/vigneshta95gmai/.m2/repository/io/netty/netty-buffer/4.1.77.Final/netty-buffer-4.1.77.Final.jar:/home/vigneshta95gmai/.m2/repository/io/netty/netty-codec-http/4.1.77.Final/netty-codec-http-4.1.77.Final.jar:/home/vigneshta95gmai/.m2/repository/io/netty/netty-codec/4.1.77.Final/netty-codec-4.1.77.Final.jar:/home/vigneshta95gmai/.m2/repository/io/netty/netty-handler/4.1.77.Final/netty-handler-4.1.77.Final.jar:/home/vigneshta95gmai/.m2/repository/io/netty/netty-common/4.1.77.Final/netty-common-4.1.77.Final.jar:/home/vigneshta95gmai/.m2/repository/io/netty/netty-transport-classes-epoll/4.1.77.Final/netty-transport-classes-epoll-4.1.77.Final.jar:/home/vigneshta95gmai/.m2/repository/io/netty/netty-transport-classes-kqueue/4.1.77.Final/netty-transport-classes-kqueue-4.1.77.Final.jar:/home/vigneshta95gmai/.m2/repository/io/netty/netty-transport-native-epoll/4.1.77.Final/netty-transport-native-epoll-4.1.77.Final.jar:/home/vigneshta95gmai/.m2/repository/io/netty/netty-transport-native-kqueue/4.1.77.Final/netty-transport-native-kqueue-4.1.77.Final.jar:/home/vigneshta95gmai/.m2/repository/io/netty/netty-transport-native-unix-common/4.1.77.Final/netty-transport-native-unix-common-4.1.77.Final.jar:/home/vigneshta95gmai/.m2/repository/io/netty/netty-transport/4.1.77.Final/netty-transport-4.1.77.Final.jar:/home/vigneshta95gmai/.m2/repository/io/netty/netty-resolver/4.1.77.Final/netty-resolver-4.1.77.Final.jar:/home/vigneshta95gmai/.m2/repository/io/opentelemetry/opentelemetry-api/1.14.0/opentelemetry-api-1.14.0.jar:/home/vigneshta95gmai/.m2/repository/io/opentelemetry/opentelemetry-context/1.14.0/opentelemetry-context-1.14.0.jar:/home/vigneshta95gmai/.m2/repository/io/opentelemetry/opentelemetry-exporter-logging/1.14.0/opentelemetry-exporter-logging-1.14.0.jar:/home/vigneshta95gmai/.m2/repository/io/opentelemetry/opentelemetry-sdk-metrics/1.14.0/opentelemetry-sdk-metrics-1.14.0.jar:/home/vigneshta95gmai/.m2/repository/io/opentelemetry/opentelemetry-sdk-logs/1.14.0-alpha/opentelemetry-sdk-logs-1.14.0-alpha.jar:/home/vigneshta95gmai/.m2/repository/io/opentelemetry/opentelemetry-sdk-common/1.14.0/opentelemetry-sdk-common-1.14.0.jar:/home/vigneshta95gmai/.m2/repository/io/opentelemetry/opentelemetry-sdk-extension-autoconfigure-spi/1.14.0/opentelemetry-sdk-extension-autoconfigure-spi-1.14.0.jar:/home/vigneshta95gmai/.m2/repository/io/opentelemetry/opentelemetry-sdk-extension-autoconfigure/1.14.0-alpha/opentelemetry-sdk-extension-autoconfigure-1.14.0-alpha.jar:/home/vigneshta95gmai/.m2/repository/io/opentelemetry/opentelemetry-sdk-trace/1.14.0/opentelemetry-sdk-trace-1.14.0.jar:/home/vigneshta95gmai/.m2/repository/io/opentelemetry/opentelemetry-sdk/1.14.0/opentelemetry-sdk-1.14.0.jar:/home/vigneshta95gmai/.m2/repository/io/opentelemetry/opentelemetry-semconv/1.14.0-alpha/opentelemetry-semconv-1.14.0-alpha.jar:/home/vigneshta95gmai/.m2/repository/io/ous/jtoml/2.0.0/jtoml-2.0.0.jar:/home/vigneshta95gmai/.m2/repository/net/bytebuddy/byte-buddy/1.12.10/byte-buddy-1.12.10.jar:/home/vigneshta95gmai/.m2/repository/org/apache/commons/commons-exec/1.3/commons-exec-1.3.jar:/home/vigneshta95gmai/.m2/repository/org/asynchttpclient/async-http-client/2.12.3/async-http-client-2.12.3.jar:/home/vigneshta95gmai/.m2/repository/org/asynchttpclient/async-http-client-netty-utils/2.12.3/async-http-client-netty-utils-2.12.3.jar:/home/vigneshta95gmai/.m2/repository/io/netty/netty-codec-socks/4.1.60.Final/netty-codec-socks-4.1.60.Final.jar:/home/vigneshta95gmai/.m2/repository/io/netty/netty-handler-proxy/4.1.60.Final/netty-handler-proxy-4.1.60.Final.jar:/home/vigneshta95gmai/.m2/repository/io/netty/netty-transport-native-epoll/4.1.60.Final/netty-transport-native-epoll-4.1.60.Final-linux-x86_64.jar:/home/vigneshta95gmai/.m2/repository/io/netty/netty-transport-native-kqueue/4.1.60.Final/netty-transport-native-kqueue-4.1.60.Final-osx-x86_64.jar:/home/vigneshta95gmai/.m2/repository/org/reactivestreams/reactive-streams/1.0.3/reactive-streams-1.0.3.jar:/home/vigneshta95gmai/.m2/repository/com/typesafe/netty/netty-reactive-streams/2.0.4/netty-reactive-streams-2.0.4.jar:/home/vigneshta95gmai/.m2/repository/com/sun/activation/jakarta.activation/1.2.2/jakarta.activation-1.2.2.jar:/home/vigneshta95gmai/.m2/repository/org/seleniumhq/selenium/selenium-http/4.2.2/selenium-http-4.2.2.jar:/home/vigneshta95gmai/.m2/repository/dev/failsafe/failsafe/3.2.4/failsafe-3.2.4.jar:/home/vigneshta95gmai/.m2/repository/org/seleniumhq/selenium/selenium-safari-driver/4.2.2/selenium-safari-driver-4.2.2.jar:/home/vigneshta95gmai/.m2/repository/org/seleniumhq/selenium/selenium-support/4.2.2/selenium-support-4.2.2.jar:/home/vigneshta95gmai/.m2/repository/io/github/bonigarcia/webdrivermanager/5.1.0/webdrivermanager-5.1.0.jar:/home/vigneshta95gmai/.m2/repository/org/slf4j/slf4j-api/1.7.36/slf4j-api-1.7.36.jar:/home/vigneshta95gmai/.m2/repository/com/google/code/gson/gson/2.9.0/gson-2.9.0.jar:/home/vigneshta95gmai/.m2/repository/com/github/docker-java/docker-java/3.2.13/docker-java-3.2.13.jar:/home/vigneshta95gmai/.m2/repository/com/github/docker-java/docker-java-core/3.2.13/docker-java-core-3.2.13.jar:/home/vigneshta95gmai/.m2/repository/com/github/docker-java/docker-java-api/3.2.13/docker-java-api-3.2.13.jar:/home/vigneshta95gmai/.m2/repository/com/fasterxml/jackson/core/jackson-annotations/2.10.3/jackson-annotations-2.10.3.jar:/home/vigneshta95gmai/.m2/repository/commons-io/commons-io/2.6/commons-io-2.6.jar:/home/vigneshta95gmai/.m2/repository/org/apache/commons/commons-compress/1.21/commons-compress-1.21.jar:/home/vigneshta95gmai/.m2/repository/com/fasterxml/jackson/core/jackson-databind/2.10.3/jackson-databind-2.10.3.jar:/home/vigneshta95gmai/.m2/repository/com/fasterxml/jackson/core/jackson-core/2.10.3/jackson-core-2.10.3.jar:/home/vigneshta95gmai/.m2/repository/org/bouncycastle/bcpkix-jdk15on/1.64/bcpkix-jdk15on-1.64.jar:/home/vigneshta95gmai/.m2/repository/org/bouncycastle/bcprov-jdk15on/1.64/bcprov-jdk15on-1.64.jar:/home/vigneshta95gmai/.m2/repository/org/slf4j/jcl-over-slf4j/1.7.30/jcl-over-slf4j-1.7.30.jar:/home/vigneshta95gmai/.m2/repository/com/github/docker-java/docker-java-transport-httpclient5/3.2.13/docker-java-transport-httpclient5-3.2.13.jar:/home/vigneshta95gmai/.m2/repository/com/github/docker-java/docker-java-transport/3.2.13/docker-java-transport-3.2.13.jar:/home/vigneshta95gmai/.m2/repository/org/apache/httpcomponents/client5/httpclient5/5.0.3/httpclient5-5.0.3.jar:/home/vigneshta95gmai/.m2/repository/org/apache/httpcomponents/core5/httpcore5/5.0.2/httpcore5-5.0.2.jar:/home/vigneshta95gmai/.m2/repository/commons-codec/commons-codec/1.13/commons-codec-1.13.jar:/home/vigneshta95gmai/.m2/repository/net/java/dev/jna/jna/5.8.0/jna-5.8.0.jar:/home/vigneshta95gmai/.m2/repository/org/brotli/dec/0.1.2/dec-0.1.2.jar:/home/vigneshta95gmai/.m2/repository/org/apache/commons/commons-lang3/3.12.0/commons-lang3-3.12.0.jar:/home/vigneshta95gmai/.m2/repository/org/ow2/asm/asm-commons/5.0.3/asm-commons-5.0.3.jar:/home/vigneshta95gmai/.m2/repository/org/ow2/asm/asm-tree/5.0.3/asm-tree-5.0.3.jar:/home/vigneshta95gmai/.m2/repository/org/ow2/asm/asm/5.0.3/asm-5.0.3.jar:"/>
    <property name="sun.cpu.endian" value="little"/>
    <property name="user.home" value="/home/vigneshta95gmai"/>
    <property name="user.language" value="en"/>
    <property name="java.specification.vendor" value="Oracle Corporation"/>
    <property name="java.version.date" value="2021-10-19"/>
    <property name="java.home" value="/usr/eclipse/plugins/org.eclipse.justj.openjdk.hotspot.jre.full.linux.x86_64_17.0.1.v20211116-1657/jre"/>
    <property name="file.separator" value="/"/>
    <property name="basedir" value="/home/vigneshta95gmai/eclipse-gayu/SeleniumJunit"/>
    <property name="java.vm.compressedOopsMode" value="Zero based"/>
    <property name="line.separator" value="&#10;"/>
    <property name="java.vm.specification.vendor" value="Oracle Corporation"/>
    <property name="java.specification.name" value="Java Platform API Specification"/>
    <property name="surefire.real.class.path" value="/home/vigneshta95gmai/eclipse-gayu/SeleniumJunit/target/surefire/surefirebooter14350491914860036423.jar"/>
    <property name="sun.management.compiler" value="HotSpot 64-Bit Tiered Compilers"/>
    <property name="java.runtime.version" value="17.0.1+12"/>
    <property name="user.name" value="vigneshta95gmai"/>
    <property name="path.separator" value=":"/>
    <property name="os.version" value="5.15.0-1015-aws"/>
    <property name="java.runtime.name" value="OpenJDK Runtime Environment"/>
    <property name="file.encoding" value="UTF-8"/>
    <property name="java.vm.name" value="OpenJDK 64-Bit Server VM"/>
    <property name="java.vendor.version" value="Temurin-17.0.1+12"/>
    <property name="localRepository" value="/home/vigneshta95gmai/.m2/repository"/>
    <property name="java.vendor.url.bug" value="https://github.com/adoptium/adoptium-support/issues"/>
    <property name="java.io.tmpdir" value="/tmp"/>
    <property name="java.version" value="17.0.1"/>
    <property name="user.dir" value="/home/vigneshta95gmai/eclipse-gayu/SeleniumJunit"/>
    <property name="os.arch" value="amd64"/>
    <property name="java.vm.specification.name" value="Java Virtual Machine Specification"/>
    <property name="native.encoding" value="UTF-8"/>
    <property name="java.library.path" value="/usr/java/packages/lib:/usr/lib64:/lib64:/lib:/usr/lib"/>
    <property name="java.vm.info" value="mixed mode"/>
    <property name="java.vendor" value="Eclipse Adoptium"/>
    <property name="java.vm.version" value="17.0.1+12"/>
    <property name="sun.io.unicode.encoding" value="UnicodeLittle"/>
    <property name="java.class.version" value="61.0"/>
  </properties>
  <testcase name="testdriver" classname="com.foodinc.SeleniumJunit.AppTest" time="2.267">
    <error message="unknown error: net::ERR_CONNECTION_REFUSED&#10;  (Session info: chrome=102.0.5005.61)&#10;Build info: version: &apos;4.2.2&apos;, revision: &apos;683ccb65d6&apos;&#10;System info: host: &apos;ip-172-31-26-84&apos;, ip: &apos;172.31.26.84&apos;, os.name: &apos;Linux&apos;, os.arch: &apos;amd64&apos;, os.version: &apos;5.15.0-1015-aws&apos;, java.version: &apos;17.0.1&apos;&#10;Driver info: org.openqa.selenium.chrome.ChromeDriver&#10;Command: [8cdfed865833a9536c77e6947e16965e, get {url=http://localhost:4200/login}]&#10;Capabilities {acceptInsecureCerts: false, browserName: chrome, browserVersion: 102.0.5005.61, chrome: {chromedriverVersion: 102.0.5005.61 (0e59bcc00cc4..., userDataDir: /tmp/.com.google.Chrome.UHBF27}, goog:chromeOptions: {debuggerAddress: localhost:33899}, networkConnectionEnabled: false, pageLoadStrategy: normal, platformName: LINUX, proxy: Proxy(), se:cdp: ws://localhost:33899/devtoo..., se:cdpVersion: 102.0.5005.61, setWindowRect: true, strictFileInteractability: false, timeouts: {implicit: 0, pageLoad: 300000, script: 30000}, unhandledPromptBehavior: dismiss and notify, webauthn:extension:credBlob: true, webauthn:extension:largeBlob: true, webauthn:virtualAuthenticators: true}&#10;Session ID: 8cdfed865833a9536c77e6947e16965e" type="org.openqa.selenium.WebDriverException">org.openqa.selenium.WebDriverException: 
unknown error: net::ERR_CONNECTION_REFUSED
  (Session info: chrome=102.0.5005.61)
Build info: version: '4.2.2', revision: '683ccb65d6'
System info: host: 'ip-172-31-26-84', ip: '172.31.26.84', os.name: 'Linux', os.arch: 'amd64', os.version: '5.15.0-1015-aws', java.version: '17.0.1'
Driver info: org.openqa.selenium.chrome.ChromeDriver
Command: [8cdfed865833a9536c77e6947e16965e, get {url=http://localhost:4200/login}]
Capabilities {acceptInsecureCerts: false, browserName: chrome, browserVersion: 102.0.5005.61, chrome: {chromedriverVersion: 102.0.5005.61 (0e59bcc00cc4..., userDataDir: /tmp/.com.google.Chrome.UHBF27}, goog:chromeOptions: {debuggerAddress: localhost:33899}, networkConnectionEnabled: false, pageLoadStrategy: normal, platformName: LINUX, proxy: Proxy(), se:cdp: ws://localhost:33899/devtoo..., se:cdpVersion: 102.0.5005.61, setWindowRect: true, strictFileInteractability: false, timeouts: {implicit: 0, pageLoad: 300000, script: 30000}, unhandledPromptBehavior: dismiss and notify, webauthn:extension:credBlob: true, webauthn:extension:largeBlob: true, webauthn:virtualAuthenticators: true}
Session ID: 8cdfed865833a9536c77e6947e16965e
	at com.foodinc.SeleniumJunit.AppTest.testdriver(AppTest.java:23)
</error>
    <system-err><![CDATA[SLF4J: Failed to load class "org.slf4j.impl.StaticLoggerBinder".
SLF4J: Defaulting to no-operation (NOP) logger implementation
SLF4J: See http://www.slf4j.org/codes.html#StaticLoggerBinder for further details.
Starting ChromeDriver 102.0.5005.61 (0e59bcc00cc4985ce39ad31c150065f159d95ad3-refs/branch-heads/5005@{#819}) on port 46238
Only local connections are allowed.
Please see https://chromedriver.chromium.org/security-considerations for suggestions on keeping ChromeDriver safe.
ChromeDriver was started successfully.
Feb 10, 2023 12:47:18 PM org.openqa.selenium.remote.ProtocolHandshake createSession
INFO: Detected upstream dialect: W3C
Feb 10, 2023 12:47:18 PM org.openqa.selenium.devtools.CdpVersionFinder findNearestMatch
INFO: Found exact CDP implementation for version 102
]]></system-err>
  </testcase>
</testsuite>